2014-05-23 08:12:21,564 - [INFO] - from play in pool-40-thread-3 
Listening for HTTP on /0:0:0:0:0:0:0:0:9000

2014-05-23 08:12:31,530 - [ERROR] - from application in New I/O worker #1 


! @6iagok35m - Internal server error, for (GET) [/] ->

play.PlayExceptions$CompilationException: Compilation error[error: package org.testng.annotations does not exist]
	at play.PlayReloader$$anon$1$$anonfun$reload$2$$anonfun$apply$14$$anonfun$apply$16.apply(PlayReloader.scala:304) ~[na:na]
	at play.PlayReloader$$anon$1$$anonfun$reload$2$$anonfun$apply$14$$anonfun$apply$16.apply(PlayReloader.scala:304) ~[na:na]
	at scala.Option.map(Option.scala:145) ~[scala-library.jar:na]
	at play.PlayReloader$$anon$1$$anonfun$reload$2$$anonfun$apply$14.apply(PlayReloader.scala:304) ~[na:na]
	at play.PlayReloader$$anon$1$$anonfun$reload$2$$anonfun$apply$14.apply(PlayReloader.scala:298) ~[na:na]
	at scala.Option.map(Option.scala:145) ~[scala-library.jar:na]
	at play.PlayReloader$$anon$1$$anonfun$reload$2.apply(PlayReloader.scala:298) ~[na:na]
	at play.PlayReloader$$anon$1$$anonfun$reload$2.apply(PlayReloader.scala:296) ~[na:na]
	at scala.util.Either$LeftProjection.map(Either.scala:377) ~[scala-library.jar:na]
	at play.PlayReloader$$anon$1.reload(PlayReloader.scala:296) ~[na:na]
	at play.core.ReloadableApplication$$anonfun$get$1.apply(ApplicationProvider.scala:104) ~[play_2.10-2.2.2.jar:2.2.2]
	at play.core.ReloadableApplication$$anonfun$get$1.apply(ApplicationProvider.scala:102) ~[play_2.10-2.2.2.jar:2.2.2]
	at scala.concurrent.impl.Future$PromiseCompletingRunnable.liftedTree1$1(Future.scala:24) ~[scala-library.jar:na]
	at scala.concurrent.impl.Future$PromiseCompletingRunnable.run(Future.scala:24) ~[scala-library.jar:na]
	at scala.concurrent.forkjoin.ForkJoinTask$AdaptedRunnableAction.exec(ForkJoinTask.java:1361) ~[scala-library.jar:na]
	at scala.concurrent.forkjoin.ForkJoinTask.doExec(ForkJoinTask.java:260) ~[scala-library.jar:na]
	at scala.concurrent.forkjoin.ForkJoinPool$WorkQueue.runTask(ForkJoinPool.java:1339) ~[scala-library.jar:na]
	at scala.concurrent.forkjoin.ForkJoinPool.runWorker(ForkJoinPool.java:1979) ~[scala-library.jar:na]
	at scala.concurrent.forkjoin.ForkJoinWorkerThread.run(ForkJoinWorkerThread.java:107) ~[scala-library.jar:na]

2014-05-23 08:12:31,573 - [WARN] - from play in New I/O worker #1 
No application found at invoker init

2014-05-23 08:12:51,912 - [INFO] - from play in play-internal-execution-context-1 
datasource [jdbc:h2:~/dblab4;DB_CLOSE_DELAY=-1;AUTO_SERVER=TRUE;AUTO_SERVER_PORT=9333] bound to JNDI as DefaultDS

2014-05-23 08:12:51,935 - [INFO] - from play in play-internal-execution-context-1 
database [default] connected at jdbc:h2:~/dblab4

2014-05-23 08:12:53,029 - [INFO] - from play in play-internal-execution-context-1 
Application started (Dev)

2014-05-23 08:21:13,324 - [ERROR] - from application in New I/O worker #4 


! @6iagpnl30 - Internal server error, for (GET) [/login] ->

play.PlayExceptions$CompilationException: Compilation error[error: package org.junit does not exist]
	at play.PlayReloader$$anon$1$$anonfun$reload$2$$anonfun$apply$14$$anonfun$apply$16.apply(PlayReloader.scala:304) ~[na:na]
	at play.PlayReloader$$anon$1$$anonfun$reload$2$$anonfun$apply$14$$anonfun$apply$16.apply(PlayReloader.scala:304) ~[na:na]
	at scala.Option.map(Option.scala:145) ~[scala-library.jar:na]
	at play.PlayReloader$$anon$1$$anonfun$reload$2$$anonfun$apply$14.apply(PlayReloader.scala:304) ~[na:na]
	at play.PlayReloader$$anon$1$$anonfun$reload$2$$anonfun$apply$14.apply(PlayReloader.scala:298) ~[na:na]
	at scala.Option.map(Option.scala:145) ~[scala-library.jar:na]
	at play.PlayReloader$$anon$1$$anonfun$reload$2.apply(PlayReloader.scala:298) ~[na:na]
	at play.PlayReloader$$anon$1$$anonfun$reload$2.apply(PlayReloader.scala:296) ~[na:na]
	at scala.util.Either$LeftProjection.map(Either.scala:377) ~[scala-library.jar:na]
	at play.PlayReloader$$anon$1.reload(PlayReloader.scala:296) ~[na:na]
	at play.core.ReloadableApplication$$anonfun$get$1.apply(ApplicationProvider.scala:104) ~[play_2.10-2.2.2.jar:2.2.2]
	at play.core.ReloadableApplication$$anonfun$get$1.apply(ApplicationProvider.scala:102) ~[play_2.10-2.2.2.jar:2.2.2]
	at scala.concurrent.impl.Future$PromiseCompletingRunnable.liftedTree1$1(Future.scala:24) ~[scala-library.jar:na]
	at scala.concurrent.impl.Future$PromiseCompletingRunnable.run(Future.scala:24) ~[scala-library.jar:na]
	at scala.concurrent.forkjoin.ForkJoinTask$AdaptedRunnableAction.exec(ForkJoinTask.java:1361) ~[scala-library.jar:na]
	at scala.concurrent.forkjoin.ForkJoinTask.doExec(ForkJoinTask.java:260) ~[scala-library.jar:na]
	at scala.concurrent.forkjoin.ForkJoinPool$WorkQueue.runTask(ForkJoinPool.java:1339) ~[scala-library.jar:na]
	at scala.concurrent.forkjoin.ForkJoinPool.runWorker(ForkJoinPool.java:1979) ~[scala-library.jar:na]
	at scala.concurrent.forkjoin.ForkJoinWorkerThread.run(ForkJoinWorkerThread.java:107) ~[scala-library.jar:na]

2014-05-23 08:23:02,524 - [INFO] - from application in play-internal-execution-context-1 
Application shutdown...

2014-05-23 08:23:02,626 - [INFO] - from play in play-internal-execution-context-1 
datasource [jdbc:h2:~/dblab4;DB_CLOSE_DELAY=-1;AUTO_SERVER=TRUE;AUTO_SERVER_PORT=9333] bound to JNDI as DefaultDS

2014-05-23 08:23:02,634 - [INFO] - from play in play-internal-execution-context-1 
database [default] connected at jdbc:h2:~/dblab4

2014-05-23 08:23:02,906 - [INFO] - from play in play-internal-execution-context-1 
Application started (Dev)

2014-05-23 08:23:07,097 - [INFO] - from application in pool-40-thread-3 
Application shutdown...

2014-05-23 09:16:51,223 - [INFO] - from play in main 
datasource [jdbc:h2:mem:play-test--2122430126;] bound to JNDI as DefaultDS

2014-05-23 09:18:37,345 - [INFO] - from play in main 
datasource [jdbc:h2:mem:play-test-147996078;] bound to JNDI as DefaultDS

2014-05-23 09:18:41,121 - [INFO] - from application in main 
Data from json file 'data.json' inserted.

2014-05-23 09:18:41,162 - [INFO] - from application in main 
Application shutdown...

2014-05-23 09:34:03,879 - [INFO] - from play in main 
datasource [jdbc:h2:mem:play-test--1429382822;] bound to JNDI as DefaultDS

2014-05-23 09:34:08,030 - [INFO] - from application in main 
Data from json file 'data.json' inserted.

2014-05-23 09:34:08,072 - [INFO] - from application in main 
Application shutdown...

2014-05-23 09:34:24,630 - [INFO] - from play in main 
datasource [jdbc:h2:mem:play-test-1237974429;] bound to JNDI as DefaultDS

2014-05-23 09:34:28,167 - [INFO] - from application in main 
Data from json file 'data.json' inserted.

2014-05-23 09:34:28,206 - [INFO] - from application in main 
Application shutdown...

2014-05-23 09:37:05,776 - [INFO] - from play in main 
datasource [jdbc:h2:mem:play-test--105957384;] bound to JNDI as DefaultDS

2014-05-23 09:37:09,403 - [INFO] - from application in main 
Data from json file 'data.json' inserted.

2014-05-23 09:37:09,441 - [INFO] - from application in main 
Application shutdown...

2014-05-23 09:37:36,115 - [INFO] - from play in main 
datasource [jdbc:h2:mem:play-test--1135474621;] bound to JNDI as DefaultDS

2014-05-23 09:37:39,830 - [INFO] - from application in main 
Data from json file 'data.json' inserted.

2014-05-23 09:37:39,882 - [INFO] - from application in main 
Application shutdown...

2014-05-23 09:40:27,011 - [INFO] - from play in main 
datasource [jdbc:h2:mem:play-test--1037402675;] bound to JNDI as DefaultDS

2014-05-23 09:40:30,760 - [INFO] - from application in main 
Data from json file 'data.json' inserted.

2014-05-23 09:40:30,849 - [INFO] - from application in main 
Application shutdown...

2014-05-23 09:42:52,204 - [INFO] - from play in main 
datasource [jdbc:h2:mem:play-test--1726100483;] bound to JNDI as DefaultDS

2014-05-23 09:42:55,778 - [INFO] - from application in main 
Data from json file 'data.json' inserted.

2014-05-23 09:42:55,851 - [INFO] - from application in main 
Application shutdown...

2014-05-23 09:44:19,026 - [INFO] - from play in main 
datasource [jdbc:h2:mem:play-test--1137040137;] bound to JNDI as DefaultDS

2014-05-23 09:44:22,723 - [INFO] - from application in main 
Data from json file 'data.json' inserted.

2014-05-23 09:44:22,800 - [INFO] - from application in main 
Application shutdown...

2014-05-23 09:45:03,461 - [INFO] - from play in main 
datasource [jdbc:h2:mem:play-test--533448108;] bound to JNDI as DefaultDS

2014-05-23 09:45:07,049 - [INFO] - from application in main 
Data from json file 'data.json' inserted.

2014-05-23 09:45:07,129 - [INFO] - from application in main 
Application shutdown...

2014-05-23 09:45:50,721 - [INFO] - from play in main 
datasource [jdbc:h2:mem:play-test-486514889;] bound to JNDI as DefaultDS

2014-05-23 09:45:54,507 - [INFO] - from application in main 
Data from json file 'data.json' inserted.

2014-05-23 09:45:54,584 - [INFO] - from application in main 
Application shutdown...

2014-05-23 09:47:51,005 - [INFO] - from play in main 
datasource [jdbc:h2:mem:play-test-634297184;] bound to JNDI as DefaultDS

2014-05-23 09:47:54,742 - [INFO] - from application in main 
Data from json file 'data.json' inserted.

2014-05-23 09:47:54,820 - [INFO] - from application in main 
Application shutdown...

2014-05-23 09:50:22,557 - [INFO] - from play in main 
datasource [jdbc:h2:mem:play-test--54401271;] bound to JNDI as DefaultDS

2014-05-23 09:50:26,373 - [INFO] - from application in main 
Data from json file 'data.json' inserted.

2014-05-23 09:50:26,458 - [INFO] - from application in main 
Application shutdown...

2014-05-23 09:51:28,895 - [INFO] - from play in main 
datasource [jdbc:h2:mem:play-test--1799330975;] bound to JNDI as DefaultDS

2014-05-23 09:51:32,633 - [INFO] - from application in main 
Data from json file 'data.json' inserted.

2014-05-23 09:51:32,718 - [INFO] - from application in main 
Application shutdown...

2014-05-23 09:53:43,517 - [INFO] - from play in main 
datasource [jdbc:h2:mem:play-test--432059880;] bound to JNDI as DefaultDS

2014-05-23 09:53:47,081 - [INFO] - from application in main 
Data from json file 'data.json' inserted.

2014-05-23 09:53:47,186 - [INFO] - from application in main 
Application shutdown...

2014-05-23 09:55:13,675 - [INFO] - from play in main 
datasource [jdbc:h2:mem:play-test-1916663559;] bound to JNDI as DefaultDS

2014-05-23 09:55:17,374 - [INFO] - from application in main 
Data from json file 'data.json' inserted.

2014-05-23 09:55:17,471 - [INFO] - from application in main 
Application shutdown...

2014-05-23 09:56:56,659 - [INFO] - from play in main 
datasource [jdbc:h2:mem:play-test-1140527627;] bound to JNDI as DefaultDS

2014-05-23 09:57:00,451 - [INFO] - from application in main 
Data from json file 'data.json' inserted.

2014-05-23 09:57:00,566 - [INFO] - from application in main 
Application shutdown...

2014-05-23 09:58:55,635 - [INFO] - from play in main 
datasource [jdbc:h2:mem:play-test-636762175;] bound to JNDI as DefaultDS

2014-05-23 09:58:59,204 - [INFO] - from application in main 
Data from json file 'data.json' inserted.

2014-05-23 09:58:59,295 - [INFO] - from application in main 
Application shutdown...

2014-05-23 10:00:49,985 - [INFO] - from play in main 
datasource [jdbc:h2:mem:play-test--1911964740;] bound to JNDI as DefaultDS

2014-05-23 10:00:54,028 - [INFO] - from application in main 
Data from json file 'data.json' inserted.

2014-05-23 10:00:54,167 - [INFO] - from application in main 
Application shutdown...

